============================= test session starts ==============================
platform linux -- Python 3.10.12, pytest-9.1.1, pluggy-1.6.0 -- /home/chsjh/.venvs/physicalai-lv1-math/bin/python
rootdir: /mnt/c/Desktop/coding/physicalai-lv1-최성진/lv1_module3
plugins: anyio-4.15.0
collecting ... collected 96 items

tests/test_rotation.py::test_columns_are_orthonormal[0.0-rot_x] PASSED   [  1%]
tests/test_rotation.py::test_columns_are_orthonormal[0.0-rot_y] PASSED   [  2%]
tests/test_rotation.py::test_columns_are_orthonormal[0.0-rot_z] PASSED   [  3%]
tests/test_rotation.py::test_columns_are_orthonormal[0.39269908169872414-rot_x] PASSED [  4%]
tests/test_rotation.py::test_columns_are_orthonormal[0.39269908169872414-rot_y] PASSED [  5%]
tests/test_rotation.py::test_columns_are_orthonormal[0.39269908169872414-rot_z] PASSED [  6%]
tests/test_rotation.py::test_columns_are_orthonormal[0.5235987755982988-rot_x] PASSED [  7%]
tests/test_rotation.py::test_columns_are_orthonormal[0.5235987755982988-rot_y] PASSED [  8%]
tests/test_rotation.py::test_columns_are_orthonormal[0.5235987755982988-rot_z] PASSED [  9%]
tests/test_rotation.py::test_columns_are_orthonormal[0.7853981633974483-rot_x] PASSED [ 10%]
tests/test_rotation.py::test_columns_are_orthonormal[0.7853981633974483-rot_y] PASSED [ 11%]
tests/test_rotation.py::test_columns_are_orthonormal[0.7853981633974483-rot_z] PASSED [ 12%]
tests/test_rotation.py::test_columns_are_orthonormal[1.5707963267948966-rot_x] PASSED [ 13%]
tests/test_rotation.py::test_columns_are_orthonormal[1.5707963267948966-rot_y] PASSED [ 14%]
tests/test_rotation.py::test_columns_are_orthonormal[1.5707963267948966-rot_z] PASSED [ 15%]
tests/test_rotation.py::test_columns_are_orthonormal[2.0-rot_x] PASSED   [ 16%]
tests/test_rotation.py::test_columns_are_orthonormal[2.0-rot_y] PASSED   [ 17%]
tests/test_rotation.py::test_columns_are_orthonormal[2.0-rot_z] PASSED   [ 18%]
tests/test_rotation.py::test_columns_are_orthonormal[3.141592653589793-rot_x] PASSED [ 19%]
tests/test_rotation.py::test_columns_are_orthonormal[3.141592653589793-rot_y] PASSED [ 20%]
tests/test_rotation.py::test_columns_are_orthonormal[3.141592653589793-rot_z] PASSED [ 21%]
tests/test_rotation.py::test_columns_are_orthonormal[-1.234-rot_x] PASSED [ 22%]
tests/test_rotation.py::test_columns_are_orthonormal[-1.234-rot_y] PASSED [ 23%]
tests/test_rotation.py::test_columns_are_orthonormal[-1.234-rot_z] PASSED [ 25%]
tests/test_rotation.py::test_determinant_is_one[0.0-rot_x] PASSED        [ 26%]
tests/test_rotation.py::test_determinant_is_one[0.0-rot_y] PASSED        [ 27%]
tests/test_rotation.py::test_determinant_is_one[0.0-rot_z] PASSED        [ 28%]
tests/test_rotation.py::test_determinant_is_one[0.39269908169872414-rot_x] PASSED [ 29%]
tests/test_rotation.py::test_determinant_is_one[0.39269908169872414-rot_y] PASSED [ 30%]
tests/test_rotation.py::test_determinant_is_one[0.39269908169872414-rot_z] PASSED [ 31%]
tests/test_rotation.py::test_determinant_is_one[0.5235987755982988-rot_x] PASSED [ 32%]
tests/test_rotation.py::test_determinant_is_one[0.5235987755982988-rot_y] PASSED [ 33%]
tests/test_rotation.py::test_determinant_is_one[0.5235987755982988-rot_z] PASSED [ 34%]
tests/test_rotation.py::test_determinant_is_one[0.7853981633974483-rot_x] PASSED [ 35%]
tests/test_rotation.py::test_determinant_is_one[0.7853981633974483-rot_y] PASSED [ 36%]
tests/test_rotation.py::test_determinant_is_one[0.7853981633974483-rot_z] PASSED [ 37%]
tests/test_rotation.py::test_determinant_is_one[1.5707963267948966-rot_x] PASSED [ 38%]
tests/test_rotation.py::test_determinant_is_one[1.5707963267948966-rot_y] PASSED [ 39%]
tests/test_rotation.py::test_determinant_is_one[1.5707963267948966-rot_z] PASSED [ 40%]
tests/test_rotation.py::test_determinant_is_one[2.0-rot_x] PASSED        [ 41%]
tests/test_rotation.py::test_determinant_is_one[2.0-rot_y] PASSED        [ 42%]
tests/test_rotation.py::test_determinant_is_one[2.0-rot_z] PASSED        [ 43%]
tests/test_rotation.py::test_determinant_is_one[3.141592653589793-rot_x] PASSED [ 44%]
tests/test_rotation.py::test_determinant_is_one[3.141592653589793-rot_y] PASSED [ 45%]
tests/test_rotation.py::test_determinant_is_one[3.141592653589793-rot_z] PASSED [ 46%]
tests/test_rotation.py::test_determinant_is_one[-1.234-rot_x] PASSED     [ 47%]
tests/test_rotation.py::test_determinant_is_one[-1.234-rot_y] PASSED     [ 48%]
tests/test_rotation.py::test_determinant_is_one[-1.234-rot_z] PASSED     [ 50%]
tests/test_rotation.py::test_inverse_equals_transpose[0.0-rot_x] PASSED  [ 51%]
tests/test_rotation.py::test_inverse_equals_transpose[0.0-rot_y] PASSED  [ 52%]
tests/test_rotation.py::test_inverse_equals_transpose[0.0-rot_z] PASSED  [ 53%]
tests/test_rotation.py::test_inverse_equals_transpose[0.39269908169872414-rot_x] PASSED [ 54%]
tests/test_rotation.py::test_inverse_equals_transpose[0.39269908169872414-rot_y] PASSED [ 55%]
tests/test_rotation.py::test_inverse_equals_transpose[0.39269908169872414-rot_z] PASSED [ 56%]
tests/test_rotation.py::test_inverse_equals_transpose[0.5235987755982988-rot_x] PASSED [ 57%]
tests/test_rotation.py::test_inverse_equals_transpose[0.5235987755982988-rot_y] PASSED [ 58%]
tests/test_rotation.py::test_inverse_equals_transpose[0.5235987755982988-rot_z] PASSED [ 59%]
tests/test_rotation.py::test_inverse_equals_transpose[0.7853981633974483-rot_x] PASSED [ 60%]
tests/test_rotation.py::test_inverse_equals_transpose[0.7853981633974483-rot_y] PASSED [ 61%]
tests/test_rotation.py::test_inverse_equals_transpose[0.7853981633974483-rot_z] PASSED [ 62%]
tests/test_rotation.py::test_inverse_equals_transpose[1.5707963267948966-rot_x] PASSED [ 63%]
tests/test_rotation.py::test_inverse_equals_transpose[1.5707963267948966-rot_y] PASSED [ 64%]
tests/test_rotation.py::test_inverse_equals_transpose[1.5707963267948966-rot_z] PASSED [ 65%]
tests/test_rotation.py::test_inverse_equals_transpose[2.0-rot_x] PASSED  [ 66%]
tests/test_rotation.py::test_inverse_equals_transpose[2.0-rot_y] PASSED  [ 67%]
tests/test_rotation.py::test_inverse_equals_transpose[2.0-rot_z] PASSED  [ 68%]
tests/test_rotation.py::test_inverse_equals_transpose[3.141592653589793-rot_x] PASSED [ 69%]
tests/test_rotation.py::test_inverse_equals_transpose[3.141592653589793-rot_y] PASSED [ 70%]
tests/test_rotation.py::test_inverse_equals_transpose[3.141592653589793-rot_z] PASSED [ 71%]
tests/test_rotation.py::test_inverse_equals_transpose[-1.234-rot_x] PASSED [ 72%]
tests/test_rotation.py::test_inverse_equals_transpose[-1.234-rot_y] PASSED [ 73%]
tests/test_rotation.py::test_inverse_equals_transpose[-1.234-rot_z] PASSED [ 75%]
tests/test_rotation.py::test_gram_schmidt_restores_orthogonality PASSED  [ 76%]
tests/test_rotation.py::test_reflection_is_not_a_rotation PASSED         [ 77%]
tests/test_rotation.py::test_rodrigues_matches_rot_z[0.0] PASSED         [ 78%]
tests/test_rotation.py::test_rodrigues_matches_rot_z[0.39269908169872414] PASSED [ 79%]
tests/test_rotation.py::test_rodrigues_matches_rot_z[0.5235987755982988] PASSED [ 80%]
tests/test_rotation.py::test_rodrigues_matches_rot_z[0.7853981633974483] PASSED [ 81%]
tests/test_rotation.py::test_rodrigues_matches_rot_z[1.5707963267948966] PASSED [ 82%]
tests/test_rotation.py::test_rodrigues_matches_rot_z[2.0] PASSED         [ 83%]
tests/test_rotation.py::test_rodrigues_matches_rot_z[3.141592653589793] PASSED [ 84%]
tests/test_rotation.py::test_rodrigues_matches_rot_z[-1.234] PASSED      [ 85%]
tests/test_rotation.py::test_axis_angle_roundtrip PASSED                 [ 86%]
tests/test_rotation.py::test_axis_angle_roundtrip_near_pi[3.141592153589793-axis0] PASSED [ 87%]
tests/test_rotation.py::test_axis_angle_roundtrip_near_pi[3.141592153589793-axis1] PASSED [ 88%]
tests/test_rotation.py::test_axis_angle_roundtrip_near_pi[3.141592653589793-axis0] PASSED [ 89%]
tests/test_rotation.py::test_axis_angle_roundtrip_near_pi[3.141592653589793-axis1] PASSED [ 90%]
tests/test_rotation.py::test_axis_angle_roundtrip_near_pi[3.141593153589793-axis0] PASSED [ 91%]
tests/test_rotation.py::test_axis_angle_roundtrip_near_pi[3.141593153589793-axis1] PASSED [ 92%]
tests/test_rotation.py::test_axis_angle_identity_uses_positive_x_axis PASSED [ 93%]
tests/test_transform.py::test_inv_T_gives_identity PASSED                [ 94%]
tests/test_transform.py::test_inv_T_matches_generic_inverse PASSED       [ 95%]
tests/test_transform.py::test_point_and_direction_differ PASSED          [ 96%]
tests/test_transform.py::test_transform_points_is_vectorized PASSED      [ 97%]
tests/test_transform.py::test_roundtrip_through_inverse PASSED           [ 98%]
tests/test_transform.py::test_least_squares_matches_lstsq PASSED         [100%]

============================== 96 passed in 0.38s ==============================
