============================= test session starts ==============================
platform linux -- Python 3.10.12, pytest-9.1.1, pluggy-1.6.0 -- /home/chsjh/.venvs/physicalai-lv1-math/bin/python
cachedir: .pytest_cache
rootdir: /mnt/c/Desktop/coding/physicalai-lv1-최성진/lv1_module4
configfile: pytest.ini
plugins: ament-copyright-0.12.15, ament-flake8-0.12.15, ament-pep257-0.12.15, ament-xmllint-0.12.15, ament-lint-0.12.15, anyio-4.15.0
collecting ... collected 44 items

tests/test_pose_estimation.py::test_pca_axes_are_sorted_and_right_handed PASSED [  2%]
tests/test_pose_estimation.py::test_kabsch_recovers_known_transform PASSED [  4%]
tests/test_pose_estimation.py::test_plane_fit_and_mad_outlier_removal PASSED [  6%]
tests/test_pose_estimation.py::test_plane_fit_accepts_vertical_plane PASSED [  9%]
tests/test_pose_estimation.py::test_plane_fit_rejects_undetermined_plane[points0] PASSED [ 11%]
tests/test_pose_estimation.py::test_plane_fit_rejects_undetermined_plane[points1] PASSED [ 13%]
tests/test_pose_estimation.py::test_iterative_mad_corrects_plane_biased_by_normal_outliers[42-12] PASSED [ 15%]
tests/test_pose_estimation.py::test_iterative_mad_corrects_plane_biased_by_normal_outliers[42-24] PASSED [ 18%]
tests/test_pose_estimation.py::test_iterative_mad_corrects_plane_biased_by_normal_outliers[123-24] PASSED [ 20%]
tests/test_pose_estimation.py::test_iterative_mad_corrects_plane_biased_by_normal_outliers[999-24] PASSED [ 22%]
tests/test_pose_estimation.py::test_iterative_mad_keeps_mask_when_retained_points_are_collinear PASSED [ 25%]
tests/test_pose_pipeline.py::test_camera_to_base_matches_chain PASSED    [ 27%]
tests/test_pose_pipeline.py::test_roundtrip_restores_points PASSED       [ 29%]
tests/test_pose_pipeline.py::test_joint_angle_zero_is_nominal PASSED     [ 31%]
tests/test_pose_pipeline.py::test_joint_angle_changes_result PASSED      [ 34%]
tests/test_pose_pipeline.py::test_distance_is_preserved PASSED           [ 36%]
tests/test_pose_pipeline.py::test_rejects_wrong_shape PASSED             [ 38%]
tests/test_pose_pipeline.py::test_joint_rotation_uses_link_axis[x-rot_x] PASSED [ 40%]
tests/test_pose_pipeline.py::test_joint_rotation_uses_link_axis[y-rot_y] PASSED [ 43%]
tests/test_pose_pipeline.py::test_object_pose_matches_four_frame_chain PASSED [ 45%]
tests/test_quaternion.py::test_slerp_is_unit_norm[0.0] PASSED            [ 47%]
tests/test_quaternion.py::test_slerp_is_unit_norm[0.1] PASSED            [ 50%]
tests/test_quaternion.py::test_slerp_is_unit_norm[0.25] PASSED           [ 52%]
tests/test_quaternion.py::test_slerp_is_unit_norm[0.5] PASSED            [ 54%]
tests/test_quaternion.py::test_slerp_is_unit_norm[0.75] PASSED           [ 56%]
tests/test_quaternion.py::test_slerp_is_unit_norm[0.9] PASSED            [ 59%]
tests/test_quaternion.py::test_slerp_is_unit_norm[1.0] PASSED            [ 61%]
tests/test_quaternion.py::test_slerp_endpoints PASSED                    [ 63%]
tests/test_quaternion.py::test_matrix_quaternion_roundtrip PASSED        [ 65%]
tests/test_quaternion.py::test_slerp_nearly_identical_poses PASSED       [ 68%]
tests/test_quaternion.py::test_lerp_norm_drops_below_one PASSED          [ 70%]
tests/test_rotation_regression.py::test_axis_angle_roundtrip_near_pi[3.141592153589793-axis0] PASSED [ 72%]
tests/test_rotation_regression.py::test_axis_angle_roundtrip_near_pi[3.141592153589793-axis1] PASSED [ 75%]
tests/test_rotation_regression.py::test_axis_angle_roundtrip_near_pi[3.141592653589793-axis0] PASSED [ 77%]
tests/test_rotation_regression.py::test_axis_angle_roundtrip_near_pi[3.141592653589793-axis1] PASSED [ 79%]
tests/test_rotation_regression.py::test_axis_angle_roundtrip_near_pi[3.141593153589793-axis0] PASSED [ 81%]
tests/test_rotation_regression.py::test_axis_angle_roundtrip_near_pi[3.141593153589793-axis1] PASSED [ 84%]
tests/test_trajectory.py::test_linear_interp_hits_waypoints[1d] PASSED   [ 86%]
tests/test_trajectory.py::test_linear_interp_hits_waypoints[3d] PASSED   [ 88%]
tests/test_trajectory.py::test_cubic_spline_hits_waypoints[1d] PASSED    [ 90%]
tests/test_trajectory.py::test_cubic_spline_hits_waypoints[3d] PASSED    [ 93%]
tests/test_trajectory.py::test_quintic_boundary_conditions PASSED        [ 95%]
tests/test_trajectory.py::test_spline_velocity_is_smoother_than_linear PASSED [ 97%]
tests/test_trajectory.py::test_quintic_is_monotonic_for_zero_boundary PASSED [100%]

============================== 44 passed in 0.62s ==============================
